//
//  VFR compiler version  2.01 (UEFI 2.4) Developer Build based on Revision: Unknown
//
extern unsigned char SecureBootConfigDxeStrings[];
extern EFI_GUID gEfiHiiPlatformSetupFormsetGuid;
extern EFI_GUID gEfiHiiDriverHealthFormsetGuid;
extern EFI_GUID gEfiHiiUserCredentialFormsetGuid;
extern EFI_GUID gEfiHiiRestStyleFormsetGuid;
extern EFI_GUID { 0x5daf50a5, 0xea81, 0x4de2, {0x8f, 0x9b, 0xca, 0xbd, 0xa9, 0xcf, 0x5c, 0x14}};
typedef struct {
  BOOLEAN AttemptSecureBoot;
  BOOLEAN HideSecureBoot;
  CHAR16 SignatureGuid[37];
  BOOLEAN PhysicalPresent;
  UINT8 SecureBootMode;
  BOOLEAN DeletePk;
  BOOLEAN HasPk;
  BOOLEAN AlwaysRevocation;
  UINT8 CertificateFormat;
  EFI_HII_DATE RevocationDate;
  EFI_HII_TIME RevocationTime;
  UINT8 FileEnrollType;
  UINT32 ListCount;
  UINT32 CheckedDataCount;
} SECUREBOOT_CONFIGURATION;
formset
>00000000: 0E A7 A5 50 AF 5D 81 EA E2 4D 8F 9B CA BD A9 CF 5C 14 02 00 03 00 01 71 99 03 93 45 85 04 4B B4 5E 32 EB 83 26 04 0E 
>00000027: 5C 06 00 00 00 00 
>0000002D: 5C 06 00 00 01 00 
  guid = { 0x5daf50a5, 0xea81, 0x4de2, {0x8f, 0x9b, 0xca, 0xbd, 0xa9, 0xcf, 0x5c, 0x14} },
  title = STRING_TOKEN(0x0002),
  help = STRING_TOKEN(0x0003),
  classguid = { 0x93039971, 0x8545, 0x4b04, { 0xb4, 0x5e, 0x32, 0xeb, 0x83, 0x26, 0x4, 0xe } },
  varstore SECUREBOOT_CONFIGURATION,
>00000033: 24 2F A5 50 AF 5D 81 EA E2 4D 8F 9B CA BD A9 CF 5C 14 01 00 64 00 53 45 43 55 52 45 42 4F 4F 54 5F 43 4F 4E 46 49 47 55 52 41 54 49 4F 4E 00 
    varid = 0x0001,
    name = SECUREBOOT_CONFIGURATION,
    guid = { 0x5daf50a5, 0xea81, 0x4de2, {0x8f, 0x9b, 0xca, 0xbd, 0xa9, 0xcf, 0x5c, 0x14} };
  form formid = 0x01,
>00000062: 01 86 01 00 02 00 
    title = STRING_TOKEN(0x0002);
    subtitle text = STRING_TOKEN(0x0004);
>00000068: 02 87 04 00 00 00 00 
>0000006F: 29 02 
    text
>00000071: 03 08 05 00 06 00 07 00 
      help = STRING_TOKEN(0x0006),
      text = STRING_TOKEN(0x0005),
        text = STRING_TOKEN(0x0007);
    grayoutif ideqval SECUREBOOT_CONFIGURATION.HideSecureBoot == 1 OR NOT ideqval SECUREBOOT_CONFIGURATION.PhysicalPresent == 1;
>00000079: 19 82 
>0000007B: 12 86 11 00 01 00 
>00000081: 12 06 13 00 01 00 
>00000087: 17 02 
>00000089: 16 02 
>0000008B: 29 02 
    checkbox varid = SECUREBOOT_CONFIGURATION.AttemptSecureBoot,
>0000008D: 06 8E 08 00 09 00 00 10 01 00 00 00 14 00 
          questionid = 0x1000,
          prompt = STRING_TOKEN(0x0008),
          help = STRING_TOKEN(0x0009),
          flags = INTERACTIVE | RESET_REQUIRED,
    endcheckbox;
>0000009B: 29 02 
    endif;
>0000009D: 29 02 
    oneof name = SecureBootMode,
>0000009F: 05 91 28 00 29 00 01 10 00 00 FF FF 04 10 00 01 00 
          questionid = 0x1001,
          prompt = STRING_TOKEN(0x0028),
          help = STRING_TOKEN(0x0029),
          flags = INTERACTIVE | NUMERIC_SIZE_1,
          option text = STRING_TOKEN(0x002A), value = 0x00, flags = DEFAULT;
>000000B0: 09 07 2A 00 10 00 00 
          option text = STRING_TOKEN(0x002B), value = 0x01, flags = 0;
>000000B7: 09 07 2B 00 00 00 01 
    endoneof;
>000000BE: 29 02 
    suppressif questionref(SecureBootMode) == 0x00;
>000000C0: 0A 82 
>000000C2: 40 84 01 10 
>000000C6: 45 0A 00 00 00 00 00 00 00 00 
>000000D0: 2F 02 
>000000D2: 29 02 
    grayoutif NOT ideqval SECUREBOOT_CONFIGURATION.PhysicalPresent == 1;
>000000D4: 19 82 
>000000D6: 12 86 13 00 01 00 
>000000DC: 17 02 
>000000DE: 29 02 
    goto 0x02,
>000000E0: 0F 0F 2C 00 2D 00 00 11 00 00 FF FF 04 02 00 
         prompt = STRING_TOKEN(0x002C),
         help = STRING_TOKEN(0x002D),
         flags = INTERACTIVE,
         key = 0x1100;
    endif;
>000000EF: 29 02 
    endif;
>000000F1: 29 02 
  endform;
>000000F3: 29 02 
  form formid = 0x02,
>000000F5: 01 86 02 00 2E 00 
    title = STRING_TOKEN(0x002E);
    subtitle text = STRING_TOKEN(0x0004);
>000000FB: 02 87 04 00 00 00 00 
>00000102: 29 02 
    goto 0x03,
>00000104: 0F 0F 2F 00 30 00 01 11 00 00 FF FF 04 03 00 
         prompt = STRING_TOKEN(0x002F),
         help = STRING_TOKEN(0x0030),
         flags = INTERACTIVE,
         key = 0x1101;
    subtitle text = STRING_TOKEN(0x0004);
>00000113: 02 87 04 00 00 00 00 
>0000011A: 29 02 
    goto 0x04,
>0000011C: 0F 0F 31 00 32 00 02 11 00 00 FF FF 04 04 00 
         prompt = STRING_TOKEN(0x0031),
         help = STRING_TOKEN(0x0032),
         flags = INTERACTIVE,
         key = 0x1102;
    subtitle text = STRING_TOKEN(0x0004);
>0000012B: 02 87 04 00 00 00 00 
>00000132: 29 02 
    goto 0x05,
>00000134: 0F 0F 33 00 34 00 03 11 00 00 FF FF 04 05 00 
         prompt = STRING_TOKEN(0x0033),
         help = STRING_TOKEN(0x0034),
         flags = INTERACTIVE,
         key = 0x1103;
    subtitle text = STRING_TOKEN(0x0004);
>00000143: 02 87 04 00 00 00 00 
>0000014A: 29 02 
    goto 0x06,
>0000014C: 0F 0F 35 00 36 00 04 11 00 00 FF FF 04 06 00 
         prompt = STRING_TOKEN(0x0035),
         help = STRING_TOKEN(0x0036),
         flags = INTERACTIVE,
         key = 0x1104;
    subtitle text = STRING_TOKEN(0x0004);
>0000015B: 02 87 04 00 00 00 00 
>00000162: 29 02 
    goto 0x14,
>00000164: 0F 0F 37 00 38 00 0D 11 00 00 FF FF 04 14 00 
         prompt = STRING_TOKEN(0x0037),
         help = STRING_TOKEN(0x0038),
         flags = INTERACTIVE,
         key = 0x110d;
  endform;
>00000173: 29 02 
  form formid = 0x03,
>00000175: 01 86 03 00 2F 00 
    title = STRING_TOKEN(0x002F);
    subtitle text = STRING_TOKEN(0x0004);
>0000017B: 02 87 04 00 00 00 00 
>00000182: 29 02 
    grayoutif ideqval SECUREBOOT_CONFIGURATION.HasPk == 1;
>00000184: 19 82 
>00000186: 12 06 12 00 01 00 
    goto 0x07,
>0000018C: 0F 0F 39 00 3A 00 06 11 00 00 FF FF 04 07 00 
         prompt = STRING_TOKEN(0x0039),
         help = STRING_TOKEN(0x003A),
         flags = INTERACTIVE,
         key = 0x1106;
    endif;
>0000019B: 29 02 
    subtitle text = STRING_TOKEN(0x0004);
>0000019D: 02 87 04 00 00 00 00 
>000001A4: 29 02 
    grayoutif ideqval SECUREBOOT_CONFIGURATION.HideSecureBoot == 1;
>000001A6: 19 82 
>000001A8: 12 06 11 00 01 00 
    checkbox varid = SECUREBOOT_CONFIGURATION.DeletePk,
>000001AE: 06 8E 3C 00 3D 00 05 11 01 00 4E 00 14 00 
          questionid = 0x1105,
          prompt = STRING_TOKEN(0x003C),
          help = STRING_TOKEN(0x003D),
          flags = INTERACTIVE | RESET_REQUIRED,
    endcheckbox;
>000001BC: 29 02 
    endif;
>000001BE: 29 02 
  endform;
>000001C0: 29 02 
  form formid = 0x07,
>000001C2: 01 86 07 00 39 00 
    title = STRING_TOKEN(0x0039);
    subtitle text = STRING_TOKEN(0x0004);
>000001C8: 02 87 04 00 00 00 00 
>000001CF: 29 02 
    goto 0x07,
>000001D1: 0F 0F 3B 00 3B 00 07 00 00 00 FF FF 04 07 00 
         prompt = STRING_TOKEN(0x003B),
         help = STRING_TOKEN(0x003B),
         flags = INTERACTIVE,
         key = 0x07;
    subtitle text = STRING_TOKEN(0x0004);
>000001E0: 02 87 04 00 00 00 00 
>000001E7: 29 02 
    label 0x07;
>000001E9: 5F 15 35 17 0B 0F A0 87 93 41 B2 66 53 8C 38 AF 48 CE 00 07 00 
    label 0xffff;
>000001FE: 5F 15 35 17 0B 0F A0 87 93 41 B2 66 53 8C 38 AF 48 CE 00 FF FF 
    subtitle text = STRING_TOKEN(0x0004);
>00000213: 02 87 04 00 00 00 00 
>0000021A: 29 02 
    goto 0x02,
>0000021C: 0F 0F 26 00 26 00 04 10 00 00 FF FF 14 02 00 
      prompt = STRING_TOKEN(0x0026),
      help = STRING_TOKEN(0x0026),
      flags = INTERACTIVE| RESET_REQUIRED,
      key = 0x1004;
    goto 0x02,
>0000022B: 0F 0F 27 00 27 00 05 10 00 00 FF FF 04 02 00 
      prompt = STRING_TOKEN(0x0027),
      help = STRING_TOKEN(0x0027),
      flags = INTERACTIVE,
      key = 0x1005;
  endform;
>0000023A: 29 02 
  form formid = 0x04,
>0000023C: 01 86 04 00 31 00 
    title = STRING_TOKEN(0x0031);
    goto 0x09,
>00000242: 0F 0F 3E 00 3F 00 01 00 00 00 FF FF 04 09 00 
         prompt = STRING_TOKEN(0x003E),
         help = STRING_TOKEN(0x003F),
         flags = INTERACTIVE;
    subtitle text = STRING_TOKEN(0x0004);
>00000251: 02 87 04 00 00 00 00 
>00000258: 29 02 
    goto 0x0a,
>0000025A: 0F 0F 40 00 41 00 08 11 00 00 FF FF 04 0A 00 
         prompt = STRING_TOKEN(0x0040),
         help = STRING_TOKEN(0x0041),
         flags = INTERACTIVE,
         key = 0x1108;
    subtitle text = STRING_TOKEN(0x0004);
>00000269: 02 87 04 00 00 00 00 
>00000270: 29 02 
  endform;
>00000272: 29 02 
  form formid = 0x09,
>00000274: 01 86 09 00 42 00 
    title = STRING_TOKEN(0x0042);
    subtitle text = STRING_TOKEN(0x0004);
>0000027A: 02 87 04 00 00 00 00 
>00000281: 29 02 
    goto 0x09,
>00000283: 0F 0F 44 00 45 00 09 00 00 00 FF FF 04 09 00 
         prompt = STRING_TOKEN(0x0044),
         help = STRING_TOKEN(0x0045),
         flags = INTERACTIVE,
         key = 0x09;
    subtitle text = STRING_TOKEN(0x0004);
>00000292: 02 87 04 00 00 00 00 
>00000299: 29 02 
    label 0x09;
>0000029B: 5F 15 35 17 0B 0F A0 87 93 41 B2 66 53 8C 38 AF 48 CE 00 09 00 
    label 0xffff;
>000002B0: 5F 15 35 17 0B 0F A0 87 93 41 B2 66 53 8C 38 AF 48 CE 00 FF FF 
    subtitle text = STRING_TOKEN(0x0004);
>000002C5: 02 87 04 00 00 00 00 
>000002CC: 29 02 
    string varid = SECUREBOOT_CONFIGURATION.SignatureGuid,
>000002CE: 1C 90 13 00 14 00 0A 11 01 00 02 00 04 24 24 00 
            prompt = STRING_TOKEN(0x0013),
            help = STRING_TOKEN(0x0014),
            flags = INTERACTIVE,
            key = 0x110a,
            minsize = 36,
            maxsize = 36,
    endstring;
>000002DE: 29 02 
    subtitle text = STRING_TOKEN(0x0004);
>000002E0: 02 87 04 00 00 00 00 
>000002E7: 29 02 
    subtitle text = STRING_TOKEN(0x0004);
>000002E9: 02 87 04 00 00 00 00 
>000002F0: 29 02 
    goto 0x02,
>000002F2: 0F 0F 26 00 26 00 08 10 00 00 FF FF 04 02 00 
      prompt = STRING_TOKEN(0x0026),
      help = STRING_TOKEN(0x0026),
      flags = INTERACTIVE,
      key = 0x1008;
    goto 0x02,
>00000301: 0F 0F 27 00 27 00 09 10 00 00 FF FF 04 02 00 
      prompt = STRING_TOKEN(0x0027),
      help = STRING_TOKEN(0x0027),
      flags = INTERACTIVE,
      key = 0x1009;
  endform;
>00000310: 29 02 
  form formid = 0x0a,
>00000312: 01 86 0A 00 43 00 
    title = STRING_TOKEN(0x0043);
    label 0x1200;
>00000318: 5F 15 35 17 0B 0F A0 87 93 41 B2 66 53 8C 38 AF 48 CE 00 00 12 
    label 0xffff;
>0000032D: 5F 15 35 17 0B 0F A0 87 93 41 B2 66 53 8C 38 AF 48 CE 00 FF FF 
    subtitle text = STRING_TOKEN(0x0004);
>00000342: 02 87 04 00 00 00 00 
>00000349: 29 02 
  endform;
>0000034B: 29 02 
  form formid = 0x05,
>0000034D: 01 86 05 00 33 00 
    title = STRING_TOKEN(0x0033);
    subtitle text = STRING_TOKEN(0x0004);
>00000353: 02 87 04 00 00 00 00 
>0000035A: 29 02 
    goto 0x0b,
>0000035C: 0F 0F 0A 00 0A 00 02 00 00 00 FF FF 00 0B 00 
    prompt = STRING_TOKEN (0x000A),
    help = STRING_TOKEN (0x000A),
    flags = 0;
    subtitle text = STRING_TOKEN(0x0004);
>0000036B: 02 87 04 00 00 00 00 
>00000372: 29 02 
    goto 0x0c,
>00000374: 0F 0F 0B 00 0B 00 0C 00 00 00 FF FF 04 0C 00 
    prompt = STRING_TOKEN (0x000B),
    help = STRING_TOKEN (0x000B),
    flags = INTERACTIVE,
    key = 0x0c;
  endform;
>00000383: 29 02 
  form formid = 0x06,
>00000385: 01 86 06 00 35 00 
    title = STRING_TOKEN(0x0035);
    subtitle text = STRING_TOKEN(0x0004);
>0000038B: 02 87 04 00 00 00 00 
>00000392: 29 02 
    goto 0x0d,
>00000394: 0F 0F 0A 00 0A 00 03 00 00 00 FF FF 00 0D 00 
    prompt = STRING_TOKEN (0x000A),
    help = STRING_TOKEN (0x000A),
    flags = 0;
    subtitle text = STRING_TOKEN(0x0004);
>000003A3: 02 87 04 00 00 00 00 
>000003AA: 29 02 
    goto 0x17,
>000003AC: 0F 0F 0B 00 0B 00 0F 10 00 00 FF FF 04 17 00 
    prompt = STRING_TOKEN (0x000B),
    help = STRING_TOKEN (0x000B),
    flags = INTERACTIVE,
    key = 0x100f;
  endform;
>000003BB: 29 02 
  form formid = 0x14,
>000003BD: 01 86 14 00 37 00 
    title = STRING_TOKEN(0x0037);
    subtitle text = STRING_TOKEN(0x0004);
>000003C3: 02 87 04 00 00 00 00 
>000003CA: 29 02 
    goto 0x15,
>000003CC: 0F 0F 0A 00 0A 00 04 00 00 00 FF FF 00 15 00 
    prompt = STRING_TOKEN (0x000A),
    help = STRING_TOKEN (0x000A),
    flags = 0;
    subtitle text = STRING_TOKEN(0x0004);
>000003DB: 02 87 04 00 00 00 00 
>000003E2: 29 02 
    goto 0x16,
>000003E4: 0F 0F 0B 00 0B 00 16 00 00 00 FF FF 04 16 00 
    prompt = STRING_TOKEN (0x000B),
    help = STRING_TOKEN (0x000B),
    flags = INTERACTIVE,
    key = 0x16;
  endform;
>000003F3: 29 02 
  form formid = 0x0c,
>000003F5: 01 86 0C 00 0B 00 
    title = STRING_TOKEN(0x000B);
    label 0x1201;
>000003FB: 5F 15 35 17 0B 0F A0 87 93 41 B2 66 53 8C 38 AF 48 CE 00 01 12 
    label 0xffff;
>00000410: 5F 15 35 17 0B 0F A0 87 93 41 B2 66 53 8C 38 AF 48 CE 00 FF FF 
    subtitle text = STRING_TOKEN(0x0004);
>00000425: 02 87 04 00 00 00 00 
>0000042C: 29 02 
  endform;
>0000042E: 29 02 
  form formid = 0x17,
>00000430: 01 86 17 00 0C 00 
    title = STRING_TOKEN(0x000C);
    subtitle text = STRING_TOKEN(0x0004);
>00000436: 02 87 04 00 00 00 00 
>0000043D: 29 02 
    grayoutif ideqval SECUREBOOT_CONFIGURATION.ListCount == 0;
>0000043F: 19 82 
>00000441: 12 06 10 00 00 00 
      label 0x1300;
>00000447: 5F 15 35 17 0B 0F A0 87 93 41 B2 66 53 8C 38 AF 48 CE 00 00 13 
      label 0xffff;
>0000045C: 5F 15 35 17 0B 0F A0 87 93 41 B2 66 53 8C 38 AF 48 CE 00 FF FF 
   endif;
>00000471: 29 02 
   subtitle text = STRING_TOKEN(0x0004);
>00000473: 02 87 04 00 00 00 00 
>0000047A: 29 02 
   label 0x1202;
>0000047C: 5F 15 35 17 0B 0F A0 87 93 41 B2 66 53 8C 38 AF 48 CE 00 02 12 
   label 0xffff;
>00000491: 5F 15 35 17 0B 0F A0 87 93 41 B2 66 53 8C 38 AF 48 CE 00 FF FF 
   subtitle text = STRING_TOKEN(0x0004);
>000004A6: 02 87 04 00 00 00 00 
>000004AD: 29 02 
  endform;
>000004AF: 29 02 
  form formid = 0x18,
>000004B1: 01 86 18 00 0D 00 
    title = STRING_TOKEN(0x000D);
    subtitle text = STRING_TOKEN(0x0004);
>000004B7: 02 87 04 00 00 00 00 
>000004BE: 29 02 
    goto 0x17,
>000004C0: 0F 0F 0F 00 11 00 10 11 00 00 FF FF 04 17 00 
      prompt = STRING_TOKEN(0x000F),
      help = STRING_TOKEN(0x0011),
      flags = INTERACTIVE,
      key = 0x1110;
    grayoutif ideqval SECUREBOOT_CONFIGURATION.CheckedDataCount == 0;
>000004CF: 19 82 
>000004D1: 12 06 0F 00 00 00 
      goto 0x17,
>000004D7: 0F 0F 10 00 12 00 11 11 00 00 FF FF 04 17 00 
        prompt = STRING_TOKEN(0x0010),
        help = STRING_TOKEN(0x0012),
        flags = INTERACTIVE,
        key = 0x1111;
    endif;
>000004E6: 29 02 
    subtitle text = STRING_TOKEN(0x0004);
>000004E8: 02 87 04 00 00 00 00 
>000004EF: 29 02 
    label 0x1204;
>000004F1: 5F 15 35 17 0B 0F A0 87 93 41 B2 66 53 8C 38 AF 48 CE 00 04 12 
    label 0xffff;
>00000506: 5F 15 35 17 0B 0F A0 87 93 41 B2 66 53 8C 38 AF 48 CE 00 FF FF 
    subtitle text = STRING_TOKEN(0x0004);
>0000051B: 02 87 04 00 00 00 00 
>00000522: 29 02 
  endform;
>00000524: 29 02 
  form formid = 0x16,
>00000526: 01 86 16 00 0B 00 
    title = STRING_TOKEN(0x000B);
    label 0x1203;
>0000052C: 5F 15 35 17 0B 0F A0 87 93 41 B2 66 53 8C 38 AF 48 CE 00 03 12 
    label 0xffff;
>00000541: 5F 15 35 17 0B 0F A0 87 93 41 B2 66 53 8C 38 AF 48 CE 00 FF FF 
    subtitle text = STRING_TOKEN(0x0004);
>00000556: 02 87 04 00 00 00 00 
>0000055D: 29 02 
  endform;
>0000055F: 29 02 
  form formid = 0x0b,
>00000561: 01 86 0B 00 0A 00 
    title = STRING_TOKEN(0x000A);
    subtitle text = STRING_TOKEN(0x0004);
>00000567: 02 87 04 00 00 00 00 
>0000056E: 29 02 
    goto 0x0b,
>00000570: 0F 0F 15 00 15 00 0B 00 00 00 FF FF 04 0B 00 
         prompt = STRING_TOKEN(0x0015),
         help = STRING_TOKEN(0x0015),
         flags = INTERACTIVE,
         key = 0x0b;
    subtitle text = STRING_TOKEN(0x0004);
>0000057F: 02 87 04 00 00 00 00 
>00000586: 29 02 
    label 0x0b;
>00000588: 5F 15 35 17 0B 0F A0 87 93 41 B2 66 53 8C 38 AF 48 CE 00 0B 00 
    label 0xffff;
>0000059D: 5F 15 35 17 0B 0F A0 87 93 41 B2 66 53 8C 38 AF 48 CE 00 FF FF 
    subtitle text = STRING_TOKEN(0x0004);
>000005B2: 02 87 04 00 00 00 00 
>000005B9: 29 02 
    string varid = SECUREBOOT_CONFIGURATION.SignatureGuid,
>000005BB: 1C 90 13 00 14 00 0B 11 01 00 02 00 04 24 24 00 
            prompt = STRING_TOKEN(0x0013),
            help = STRING_TOKEN(0x0014),
            flags = INTERACTIVE,
            key = 0x110b,
            minsize = 36,
            maxsize = 36,
    endstring;
>000005CB: 29 02 
    subtitle text = STRING_TOKEN(0x0004);
>000005CD: 02 87 04 00 00 00 00 
>000005D4: 29 02 
    subtitle text = STRING_TOKEN(0x0004);
>000005D6: 02 87 04 00 00 00 00 
>000005DD: 29 02 
    goto 0x02,
>000005DF: 0F 0F 26 00 26 00 02 10 00 00 FF FF 04 02 00 
         prompt = STRING_TOKEN(0x0026),
         help = STRING_TOKEN(0x0026),
         flags = INTERACTIVE,
         key = 0x1002;
    goto 0x02,
>000005EE: 0F 0F 27 00 27 00 03 10 00 00 FF FF 04 02 00 
         prompt = STRING_TOKEN(0x0027),
         help = STRING_TOKEN(0x0027),
         flags = INTERACTIVE,
         key = 0x1003;
  endform;
>000005FD: 29 02 
  form formid = 0x0d,
>000005FF: 01 86 0D 00 0A 00 
    title = STRING_TOKEN(0x000A);
    subtitle text = STRING_TOKEN(0x0004);
>00000605: 02 87 04 00 00 00 00 
>0000060C: 29 02 
    goto 0x0d,
>0000060E: 0F 0F 15 00 15 00 0D 00 00 00 FF FF 04 0D 00 
         prompt = STRING_TOKEN(0x0015),
         help = STRING_TOKEN(0x0015),
         flags = INTERACTIVE,
         key = 0x0d;
    label 0x0d;
>0000061D: 5F 15 35 17 0B 0F A0 87 93 41 B2 66 53 8C 38 AF 48 CE 00 0D 00 
    label 0xffff;
>00000632: 5F 15 35 17 0B 0F A0 87 93 41 B2 66 53 8C 38 AF 48 CE 00 FF FF 
    subtitle text = STRING_TOKEN(0x0004);
>00000647: 02 87 04 00 00 00 00 
>0000064E: 29 02 
    grayoutif ideqval SECUREBOOT_CONFIGURATION.FileEnrollType == 3;
>00000650: 19 82 
>00000652: 12 06 0E 00 03 00 
      string varid = SECUREBOOT_CONFIGURATION.SignatureGuid,
>00000658: 1C 90 13 00 14 00 0C 11 01 00 02 00 04 24 24 00 
              prompt = STRING_TOKEN(0x0013),
              help = STRING_TOKEN(0x0014),
              flags = INTERACTIVE,
              key = 0x110c,
              minsize = 36,
              maxsize = 36,
      endstring;
>00000668: 29 02 
    endif;
>0000066A: 29 02 
    disableif NOT ideqval SECUREBOOT_CONFIGURATION.FileEnrollType == 1;
>0000066C: 1E 82 
>0000066E: 12 86 0E 00 01 00 
>00000674: 17 02 
>00000676: 29 02 
      oneof name = X509SignatureFormatInDbx,
>00000678: 05 91 16 00 17 00 05 00 01 00 51 00 00 10 01 04 00 
            varid = SECUREBOOT_CONFIGURATION.CertificateFormat,
            prompt = STRING_TOKEN(0x0016),
            help = STRING_TOKEN(0x0017),
            option text = STRING_TOKEN(0x0018), value = 0x1, flags = DEFAULT;
>00000689: 09 07 18 00 10 00 01 
            option text = STRING_TOKEN(0x0019), value = 0x2, flags = 0;
>00000690: 09 07 19 00 00 00 02 
            option text = STRING_TOKEN(0x001A), value = 0x3, flags = 0;
>00000697: 09 07 1A 00 00 00 03 
            option text = STRING_TOKEN(0x001B), value = 0x4, flags = 0;
>0000069E: 09 07 1B 00 00 00 04 
      endoneof;
>000006A5: 29 02 
    endif;
>000006A7: 29 02 
    disableif NOT ideqval SECUREBOOT_CONFIGURATION.FileEnrollType == 2;
>000006A9: 1E 82 
>000006AB: 12 86 0E 00 02 00 
>000006B1: 17 02 
>000006B3: 29 02 
      text
>000006B5: 03 08 16 00 1C 00 1D 00 
        help = STRING_TOKEN(0x001C),
        text = STRING_TOKEN(0x0016),
        text = STRING_TOKEN(0x001D);
    endif;
>000006BD: 29 02 
    disableif NOT ideqval SECUREBOOT_CONFIGURATION.FileEnrollType == 3;
>000006BF: 1E 82 
>000006C1: 12 86 0E 00 03 00 
>000006C7: 17 02 
>000006C9: 29 02 
      text
>000006CB: 03 08 16 00 1E 00 1F 00 
        help = STRING_TOKEN(0x001E),
        text = STRING_TOKEN(0x0016),
        text = STRING_TOKEN(0x001F);
    endif;
>000006D3: 29 02 
    suppressif ideqval SECUREBOOT_CONFIGURATION.CertificateFormat == 4;
>000006D5: 0A 82 
>000006D7: 12 06 05 00 04 00 
        checkbox varid = SECUREBOOT_CONFIGURATION.AlwaysRevocation,
>000006DD: 06 8E 24 00 25 00 06 00 01 00 50 00 04 00 
               prompt = STRING_TOKEN(0x0024),
               help = STRING_TOKEN(0x0025),
               flags = INTERACTIVE,
        endcheckbox;
>000006EB: 29 02 
        suppressif ideqval SECUREBOOT_CONFIGURATION.AlwaysRevocation == 1;
>000006ED: 0A 82 
>000006EF: 12 06 06 00 01 00 
            date varid = SECUREBOOT_CONFIGURATION.RevocationDate,
>000006F5: 1A 8E 22 00 23 00 08 00 01 00 52 00 00 00 
                  prompt = STRING_TOKEN(0x0022),
                  help = STRING_TOKEN(0x0023),
                  flags = STORAGE_NORMAL,
            enddate;
>00000703: 29 02 
            time varid = SECUREBOOT_CONFIGURATION.RevocationTime,
>00000705: 1B 8E 20 00 21 00 0A 00 01 00 56 00 00 00 
                 prompt = STRING_TOKEN(0x0020),
                 help = STRING_TOKEN(0x0021),
                 flags = STORAGE_NORMAL,
            endtime;
>00000713: 29 02 
        endif;
>00000715: 29 02 
    endif;
>00000717: 29 02 
    subtitle text = STRING_TOKEN(0x0004);
>00000719: 02 87 04 00 00 00 00 
>00000720: 29 02 
    subtitle text = STRING_TOKEN(0x0004);
>00000722: 02 87 04 00 00 00 00 
>00000729: 29 02 
    goto 0x02,
>0000072B: 0F 0F 26 00 26 00 0A 10 00 00 FF FF 04 02 00 
         prompt = STRING_TOKEN(0x0026),
         help = STRING_TOKEN(0x0026),
         flags = INTERACTIVE,
         key = 0x100a;
    goto 0x02,
>0000073A: 0F 0F 27 00 27 00 0B 10 00 00 FF FF 04 02 00 
         prompt = STRING_TOKEN(0x0027),
         help = STRING_TOKEN(0x0027),
         flags = INTERACTIVE,
         key = 0x100b;
  endform;
>00000749: 29 02 
  form formid = 0x15,
>0000074B: 01 86 15 00 0A 00 
    title = STRING_TOKEN(0x000A);
    subtitle text = STRING_TOKEN(0x0004);
>00000751: 02 87 04 00 00 00 00 
>00000758: 29 02 
    goto 0x15,
>0000075A: 0F 0F 15 00 15 00 15 00 00 00 FF FF 04 15 00 
         prompt = STRING_TOKEN(0x0015),
         help = STRING_TOKEN(0x0015),
         flags = INTERACTIVE,
         key = 0x15;
    subtitle text = STRING_TOKEN(0x0004);
>00000769: 02 87 04 00 00 00 00 
>00000770: 29 02 
    label 0x15;
>00000772: 5F 15 35 17 0B 0F A0 87 93 41 B2 66 53 8C 38 AF 48 CE 00 15 00 
    label 0xffff;
>00000787: 5F 15 35 17 0B 0F A0 87 93 41 B2 66 53 8C 38 AF 48 CE 00 FF FF 
    subtitle text = STRING_TOKEN(0x0004);
>0000079C: 02 87 04 00 00 00 00 
>000007A3: 29 02 
    string varid = SECUREBOOT_CONFIGURATION.SignatureGuid,
>000007A5: 1C 90 13 00 14 00 0E 11 01 00 02 00 04 24 24 00 
            prompt = STRING_TOKEN(0x0013),
            help = STRING_TOKEN(0x0014),
            flags = INTERACTIVE,
            key = 0x110e,
            minsize = 36,
            maxsize = 36,
    endstring;
>000007B5: 29 02 
    subtitle text = STRING_TOKEN(0x0004);
>000007B7: 02 87 04 00 00 00 00 
>000007BE: 29 02 
    subtitle text = STRING_TOKEN(0x0004);
>000007C0: 02 87 04 00 00 00 00 
>000007C7: 29 02 
    goto 0x02,
>000007C9: 0F 0F 26 00 26 00 0D 10 00 00 FF FF 04 02 00 
         prompt = STRING_TOKEN(0x0026),
         help = STRING_TOKEN(0x0026),
         flags = INTERACTIVE,
         key = 0x100d;
    goto 0x02,
>000007D8: 0F 0F 27 00 27 00 0E 10 00 00 FF FF 04 02 00 
         prompt = STRING_TOKEN(0x0027),
         help = STRING_TOKEN(0x0027),
         flags = INTERACTIVE,
         key = 0x100e;
  endform;
>00000871: 29 02 
endformset;
>000007E7: 1E 82 
>000007E9: 46 02 
>000007EB: 07 91 00 00 00 00 0E 00 01 00 59 00 00 10 00 FF 00 
>000007FC: 29 02 
>000007FE: 07 9A 00 00 00 00 0F 00 01 00 60 00 00 12 00 00 00 00 FF FF FF FF 00 00 00 00 
>00000818: 29 02 
>0000081A: 07 9A 00 00 00 00 10 00 01 00 5C 00 00 12 00 00 00 00 FF FF FF FF 00 00 00 00 
>00000834: 29 02 
>00000836: 07 91 00 00 00 00 11 00 01 00 01 00 00 10 00 FF 00 
>00000847: 29 02 
>00000849: 07 91 00 00 00 00 12 00 01 00 4F 00 00 10 00 FF 00 
>0000085A: 29 02 
>0000085C: 07 91 00 00 00 00 13 00 01 00 4C 00 00 10 00 FF 00 
>0000086D: 29 02 
>0000086F: 29 02 
>00000873: 29 02 

//
// All Opcode Record List 
//
>00000000: 0E A7 A5 50 AF 5D 81 EA E2 4D 8F 9B CA BD A9 CF 5C 14 02 00 03 00 01 71 99 03 93 45 85 04 4B B4 5E 32 EB 83 26 04 0E 
>00000027: 5C 06 00 00 00 00 
>0000002D: 5C 06 00 00 01 00 
>00000033: 24 2F A5 50 AF 5D 81 EA E2 4D 8F 9B CA BD A9 CF 5C 14 01 00 64 00 53 45 43 55 52 45 42 4F 4F 54 5F 43 4F 4E 46 49 47 55 52 41 54 49 4F 4E 00 
>00000062: 01 86 01 00 02 00 
>00000068: 02 87 04 00 00 00 00 
>0000006F: 29 02 
>00000071: 03 08 05 00 06 00 07 00 
>00000079: 19 82 
>0000007B: 12 86 11 00 01 00 
>00000081: 12 06 13 00 01 00 
>00000087: 17 02 
>00000089: 16 02 
>0000008B: 29 02 
>0000008D: 06 8E 08 00 09 00 00 10 01 00 00 00 14 00 
>0000009B: 29 02 
>0000009D: 29 02 
>0000009F: 05 91 28 00 29 00 01 10 00 00 FF FF 04 10 00 01 00 
>000000B0: 09 07 2A 00 10 00 00 
>000000B7: 09 07 2B 00 00 00 01 
>000000BE: 29 02 
>000000C0: 0A 82 
>000000C2: 40 84 01 10 
>000000C6: 45 0A 00 00 00 00 00 00 00 00 
>000000D0: 2F 02 
>000000D2: 29 02 
>000000D4: 19 82 
>000000D6: 12 86 13 00 01 00 
>000000DC: 17 02 
>000000DE: 29 02 
>000000E0: 0F 0F 2C 00 2D 00 00 11 00 00 FF FF 04 02 00 
>000000EF: 29 02 
>000000F1: 29 02 
>000000F3: 29 02 
>000000F5: 01 86 02 00 2E 00 
>000000FB: 02 87 04 00 00 00 00 
>00000102: 29 02 
>00000104: 0F 0F 2F 00 30 00 01 11 00 00 FF FF 04 03 00 
>00000113: 02 87 04 00 00 00 00 
>0000011A: 29 02 
>0000011C: 0F 0F 31 00 32 00 02 11 00 00 FF FF 04 04 00 
>0000012B: 02 87 04 00 00 00 00 
>00000132: 29 02 
>00000134: 0F 0F 33 00 34 00 03 11 00 00 FF FF 04 05 00 
>00000143: 02 87 04 00 00 00 00 
>0000014A: 29 02 
>0000014C: 0F 0F 35 00 36 00 04 11 00 00 FF FF 04 06 00 
>0000015B: 02 87 04 00 00 00 00 
>00000162: 29 02 
>00000164: 0F 0F 37 00 38 00 0D 11 00 00 FF FF 04 14 00 
>00000173: 29 02 
>00000175: 01 86 03 00 2F 00 
>0000017B: 02 87 04 00 00 00 00 
>00000182: 29 02 
>00000184: 19 82 
>00000186: 12 06 12 00 01 00 
>0000018C: 0F 0F 39 00 3A 00 06 11 00 00 FF FF 04 07 00 
>0000019B: 29 02 
>0000019D: 02 87 04 00 00 00 00 
>000001A4: 29 02 
>000001A6: 19 82 
>000001A8: 12 06 11 00 01 00 
>000001AE: 06 8E 3C 00 3D 00 05 11 01 00 4E 00 14 00 
>000001BC: 29 02 
>000001BE: 29 02 
>000001C0: 29 02 
>000001C2: 01 86 07 00 39 00 
>000001C8: 02 87 04 00 00 00 00 
>000001CF: 29 02 
>000001D1: 0F 0F 3B 00 3B 00 07 00 00 00 FF FF 04 07 00 
>000001E0: 02 87 04 00 00 00 00 
>000001E7: 29 02 
>000001E9: 5F 15 35 17 0B 0F A0 87 93 41 B2 66 53 8C 38 AF 48 CE 00 07 00 
>000001FE: 5F 15 35 17 0B 0F A0 87 93 41 B2 66 53 8C 38 AF 48 CE 00 FF FF 
>00000213: 02 87 04 00 00 00 00 
>0000021A: 29 02 
>0000021C: 0F 0F 26 00 26 00 04 10 00 00 FF FF 14 02 00 
>0000022B: 0F 0F 27 00 27 00 05 10 00 00 FF FF 04 02 00 
>0000023A: 29 02 
>0000023C: 01 86 04 00 31 00 
>00000242: 0F 0F 3E 00 3F 00 01 00 00 00 FF FF 04 09 00 
>00000251: 02 87 04 00 00 00 00 
>00000258: 29 02 
>0000025A: 0F 0F 40 00 41 00 08 11 00 00 FF FF 04 0A 00 
>00000269: 02 87 04 00 00 00 00 
>00000270: 29 02 
>00000272: 29 02 
>00000274: 01 86 09 00 42 00 
>0000027A: 02 87 04 00 00 00 00 
>00000281: 29 02 
>00000283: 0F 0F 44 00 45 00 09 00 00 00 FF FF 04 09 00 
>00000292: 02 87 04 00 00 00 00 
>00000299: 29 02 
>0000029B: 5F 15 35 17 0B 0F A0 87 93 41 B2 66 53 8C 38 AF 48 CE 00 09 00 
>000002B0: 5F 15 35 17 0B 0F A0 87 93 41 B2 66 53 8C 38 AF 48 CE 00 FF FF 
>000002C5: 02 87 04 00 00 00 00 
>000002CC: 29 02 
>000002CE: 1C 90 13 00 14 00 0A 11 01 00 02 00 04 24 24 00 
>000002DE: 29 02 
>000002E0: 02 87 04 00 00 00 00 
>000002E7: 29 02 
>000002E9: 02 87 04 00 00 00 00 
>000002F0: 29 02 
>000002F2: 0F 0F 26 00 26 00 08 10 00 00 FF FF 04 02 00 
>00000301: 0F 0F 27 00 27 00 09 10 00 00 FF FF 04 02 00 
>00000310: 29 02 
>00000312: 01 86 0A 00 43 00 
>00000318: 5F 15 35 17 0B 0F A0 87 93 41 B2 66 53 8C 38 AF 48 CE 00 00 12 
>0000032D: 5F 15 35 17 0B 0F A0 87 93 41 B2 66 53 8C 38 AF 48 CE 00 FF FF 
>00000342: 02 87 04 00 00 00 00 
>00000349: 29 02 
>0000034B: 29 02 
>0000034D: 01 86 05 00 33 00 
>00000353: 02 87 04 00 00 00 00 
>0000035A: 29 02 
>0000035C: 0F 0F 0A 00 0A 00 02 00 00 00 FF FF 00 0B 00 
>0000036B: 02 87 04 00 00 00 00 
>00000372: 29 02 
>00000374: 0F 0F 0B 00 0B 00 0C 00 00 00 FF FF 04 0C 00 
>00000383: 29 02 
>00000385: 01 86 06 00 35 00 
>0000038B: 02 87 04 00 00 00 00 
>00000392: 29 02 
>00000394: 0F 0F 0A 00 0A 00 03 00 00 00 FF FF 00 0D 00 
>000003A3: 02 87 04 00 00 00 00 
>000003AA: 29 02 
>000003AC: 0F 0F 0B 00 0B 00 0F 10 00 00 FF FF 04 17 00 
>000003BB: 29 02 
>000003BD: 01 86 14 00 37 00 
>000003C3: 02 87 04 00 00 00 00 
>000003CA: 29 02 
>000003CC: 0F 0F 0A 00 0A 00 04 00 00 00 FF FF 00 15 00 
>000003DB: 02 87 04 00 00 00 00 
>000003E2: 29 02 
>000003E4: 0F 0F 0B 00 0B 00 16 00 00 00 FF FF 04 16 00 
>000003F3: 29 02 
>000003F5: 01 86 0C 00 0B 00 
>000003FB: 5F 15 35 17 0B 0F A0 87 93 41 B2 66 53 8C 38 AF 48 CE 00 01 12 
>00000410: 5F 15 35 17 0B 0F A0 87 93 41 B2 66 53 8C 38 AF 48 CE 00 FF FF 
>00000425: 02 87 04 00 00 00 00 
>0000042C: 29 02 
>0000042E: 29 02 
>00000430: 01 86 17 00 0C 00 
>00000436: 02 87 04 00 00 00 00 
>0000043D: 29 02 
>0000043F: 19 82 
>00000441: 12 06 10 00 00 00 
>00000447: 5F 15 35 17 0B 0F A0 87 93 41 B2 66 53 8C 38 AF 48 CE 00 00 13 
>0000045C: 5F 15 35 17 0B 0F A0 87 93 41 B2 66 53 8C 38 AF 48 CE 00 FF FF 
>00000471: 29 02 
>00000473: 02 87 04 00 00 00 00 
>0000047A: 29 02 
>0000047C: 5F 15 35 17 0B 0F A0 87 93 41 B2 66 53 8C 38 AF 48 CE 00 02 12 
>00000491: 5F 15 35 17 0B 0F A0 87 93 41 B2 66 53 8C 38 AF 48 CE 00 FF FF 
>000004A6: 02 87 04 00 00 00 00 
>000004AD: 29 02 
>000004AF: 29 02 
>000004B1: 01 86 18 00 0D 00 
>000004B7: 02 87 04 00 00 00 00 
>000004BE: 29 02 
>000004C0: 0F 0F 0F 00 11 00 10 11 00 00 FF FF 04 17 00 
>000004CF: 19 82 
>000004D1: 12 06 0F 00 00 00 
>000004D7: 0F 0F 10 00 12 00 11 11 00 00 FF FF 04 17 00 
>000004E6: 29 02 
>000004E8: 02 87 04 00 00 00 00 
>000004EF: 29 02 
>000004F1: 5F 15 35 17 0B 0F A0 87 93 41 B2 66 53 8C 38 AF 48 CE 00 04 12 
>00000506: 5F 15 35 17 0B 0F A0 87 93 41 B2 66 53 8C 38 AF 48 CE 00 FF FF 
>0000051B: 02 87 04 00 00 00 00 
>00000522: 29 02 
>00000524: 29 02 
>00000526: 01 86 16 00 0B 00 
>0000052C: 5F 15 35 17 0B 0F A0 87 93 41 B2 66 53 8C 38 AF 48 CE 00 03 12 
>00000541: 5F 15 35 17 0B 0F A0 87 93 41 B2 66 53 8C 38 AF 48 CE 00 FF FF 
>00000556: 02 87 04 00 00 00 00 
>0000055D: 29 02 
>0000055F: 29 02 
>00000561: 01 86 0B 00 0A 00 
>00000567: 02 87 04 00 00 00 00 
>0000056E: 29 02 
>00000570: 0F 0F 15 00 15 00 0B 00 00 00 FF FF 04 0B 00 
>0000057F: 02 87 04 00 00 00 00 
>00000586: 29 02 
>00000588: 5F 15 35 17 0B 0F A0 87 93 41 B2 66 53 8C 38 AF 48 CE 00 0B 00 
>0000059D: 5F 15 35 17 0B 0F A0 87 93 41 B2 66 53 8C 38 AF 48 CE 00 FF FF 
>000005B2: 02 87 04 00 00 00 00 
>000005B9: 29 02 
>000005BB: 1C 90 13 00 14 00 0B 11 01 00 02 00 04 24 24 00 
>000005CB: 29 02 
>000005CD: 02 87 04 00 00 00 00 
>000005D4: 29 02 
>000005D6: 02 87 04 00 00 00 00 
>000005DD: 29 02 
>000005DF: 0F 0F 26 00 26 00 02 10 00 00 FF FF 04 02 00 
>000005EE: 0F 0F 27 00 27 00 03 10 00 00 FF FF 04 02 00 
>000005FD: 29 02 
>000005FF: 01 86 0D 00 0A 00 
>00000605: 02 87 04 00 00 00 00 
>0000060C: 29 02 
>0000060E: 0F 0F 15 00 15 00 0D 00 00 00 FF FF 04 0D 00 
>0000061D: 5F 15 35 17 0B 0F A0 87 93 41 B2 66 53 8C 38 AF 48 CE 00 0D 00 
>00000632: 5F 15 35 17 0B 0F A0 87 93 41 B2 66 53 8C 38 AF 48 CE 00 FF FF 
>00000647: 02 87 04 00 00 00 00 
>0000064E: 29 02 
>00000650: 19 82 
>00000652: 12 06 0E 00 03 00 
>00000658: 1C 90 13 00 14 00 0C 11 01 00 02 00 04 24 24 00 
>00000668: 29 02 
>0000066A: 29 02 
>0000066C: 1E 82 
>0000066E: 12 86 0E 00 01 00 
>00000674: 17 02 
>00000676: 29 02 
>00000678: 05 91 16 00 17 00 05 00 01 00 51 00 00 10 01 04 00 
>00000689: 09 07 18 00 10 00 01 
>00000690: 09 07 19 00 00 00 02 
>00000697: 09 07 1A 00 00 00 03 
>0000069E: 09 07 1B 00 00 00 04 
>000006A5: 29 02 
>000006A7: 29 02 
>000006A9: 1E 82 
>000006AB: 12 86 0E 00 02 00 
>000006B1: 17 02 
>000006B3: 29 02 
>000006B5: 03 08 16 00 1C 00 1D 00 
>000006BD: 29 02 
>000006BF: 1E 82 
>000006C1: 12 86 0E 00 03 00 
>000006C7: 17 02 
>000006C9: 29 02 
>000006CB: 03 08 16 00 1E 00 1F 00 
>000006D3: 29 02 
>000006D5: 0A 82 
>000006D7: 12 06 05 00 04 00 
>000006DD: 06 8E 24 00 25 00 06 00 01 00 50 00 04 00 
>000006EB: 29 02 
>000006ED: 0A 82 
>000006EF: 12 06 06 00 01 00 
>000006F5: 1A 8E 22 00 23 00 08 00 01 00 52 00 00 00 
>00000703: 29 02 
>00000705: 1B 8E 20 00 21 00 0A 00 01 00 56 00 00 00 
>00000713: 29 02 
>00000715: 29 02 
>00000717: 29 02 
>00000719: 02 87 04 00 00 00 00 
>00000720: 29 02 
>00000722: 02 87 04 00 00 00 00 
>00000729: 29 02 
>0000072B: 0F 0F 26 00 26 00 0A 10 00 00 FF FF 04 02 00 
>0000073A: 0F 0F 27 00 27 00 0B 10 00 00 FF FF 04 02 00 
>00000749: 29 02 
>0000074B: 01 86 15 00 0A 00 
>00000751: 02 87 04 00 00 00 00 
>00000758: 29 02 
>0000075A: 0F 0F 15 00 15 00 15 00 00 00 FF FF 04 15 00 
>00000769: 02 87 04 00 00 00 00 
>00000770: 29 02 
>00000772: 5F 15 35 17 0B 0F A0 87 93 41 B2 66 53 8C 38 AF 48 CE 00 15 00 
>00000787: 5F 15 35 17 0B 0F A0 87 93 41 B2 66 53 8C 38 AF 48 CE 00 FF FF 
>0000079C: 02 87 04 00 00 00 00 
>000007A3: 29 02 
>000007A5: 1C 90 13 00 14 00 0E 11 01 00 02 00 04 24 24 00 
>000007B5: 29 02 
>000007B7: 02 87 04 00 00 00 00 
>000007BE: 29 02 
>000007C0: 02 87 04 00 00 00 00 
>000007C7: 29 02 
>000007C9: 0F 0F 26 00 26 00 0D 10 00 00 FF FF 04 02 00 
>000007D8: 0F 0F 27 00 27 00 0E 10 00 00 FF FF 04 02 00 
>000007E7: 1E 82 
>000007E9: 46 02 
>000007EB: 07 91 00 00 00 00 0E 00 01 00 59 00 00 10 00 FF 00 
>000007FC: 29 02 
>000007FE: 07 9A 00 00 00 00 0F 00 01 00 60 00 00 12 00 00 00 00 FF FF FF FF 00 00 00 00 
>00000818: 29 02 
>0000081A: 07 9A 00 00 00 00 10 00 01 00 5C 00 00 12 00 00 00 00 FF FF FF FF 00 00 00 00 
>00000834: 29 02 
>00000836: 07 91 00 00 00 00 11 00 01 00 01 00 00 10 00 FF 00 
>00000847: 29 02 
>00000849: 07 91 00 00 00 00 12 00 01 00 4F 00 00 10 00 FF 00 
>0000085A: 29 02 
>0000085C: 07 91 00 00 00 00 13 00 01 00 4C 00 00 10 00 FF 00 
>0000086D: 29 02 
>0000086F: 29 02 
>00000871: 29 02 
>00000873: 29 02 

Total Size of all record is 0x00000875


***************************************************************
		mPackAlign = 8
		struct SECUREBOOT_CONFIGURATION : mAlign [4] mTotalSize [0x64]

		struct SECUREBOOT_CONFIGURATION {
			+00000000[00000000] AttemptSecureBoot <BOOLEAN>
			+00000001[00000001] HideSecureBoot <BOOLEAN>
			+00000002[00000002] SignatureGuid[37] <UINT16>
			+00000076[0000004c] PhysicalPresent <BOOLEAN>
			+00000077[0000004d] SecureBootMode <UINT8>
			+00000078[0000004e] DeletePk <BOOLEAN>
			+00000079[0000004f] HasPk <BOOLEAN>
			+00000080[00000050] AlwaysRevocation <BOOLEAN>
			+00000081[00000051] CertificateFormat <UINT8>
			+00000082[00000052] RevocationDate <EFI_HII_DATE>
			+00000086[00000056] RevocationTime <EFI_HII_TIME>
			+00000089[00000059] FileEnrollType <UINT8>
			+00000092[0000005c] ListCount <UINT32>
			+00000096[00000060] CheckedDataCount <UINT32>
		};
---------------------------------------------------------------
		struct EFI_HII_REF : mAlign [16] mTotalSize [0x16]

		struct EFI_HII_REF {
			+00000000[00000000] QuestionId <UINT16>
			+00000002[00000002] FormId <UINT16>
			+00000004[00000004] FormSetGuid <(null)>
			+00000020[00000014] DevicePath <EFI_STRING_ID>
		};
---------------------------------------------------------------
		struct EFI_HII_TIME : mAlign [1] mTotalSize [0x3]

		struct EFI_HII_TIME {
			+00000000[00000000] Hours <UINT8>
			+00000001[00000001] Minutes <UINT8>
			+00000002[00000002] Seconds <UINT8>
		};
---------------------------------------------------------------
		struct EFI_STRING_ID : mAlign [2] mTotalSize [0x2]

		struct EFI_STRING_ID {
		};
---------------------------------------------------------------
		struct EFI_HII_DATE : mAlign [2] mTotalSize [0x4]

		struct EFI_HII_DATE {
			+00000000[00000000] Year <UINT16>
			+00000002[00000002] Month <UINT8>
			+00000003[00000003] Day <UINT8>
		};
---------------------------------------------------------------
		struct BOOLEAN : mAlign [1] mTotalSize [0x1]

		struct BOOLEAN {
		};
---------------------------------------------------------------
		struct UINT8 : mAlign [1] mTotalSize [0x1]

		struct UINT8 {
		};
---------------------------------------------------------------
		struct UINT16 : mAlign [2] mTotalSize [0x2]

		struct UINT16 {
		};
---------------------------------------------------------------
		struct UINT32 : mAlign [4] mTotalSize [0x4]

		struct UINT32 {
		};
---------------------------------------------------------------
		struct UINT64 : mAlign [8] mTotalSize [0x8]

		struct UINT64 {
		};
---------------------------------------------------------------
***************************************************************
