/home/alastair/pftf-rpi4/Build/RPi4/RELEASE_GCC5/AARCH64/MdeModulePkg/Application/UiApp/UiApp/OUTPUT/UiApp.lib
/home/alastair/pftf-rpi4/Build/RPi4/RELEASE_GCC5/AARCH64/MdePkg/Library/DxePcdLib/DxePcdLib/OUTPUT/DxePcdLib.lib
/home/alastair/pftf-rpi4/Build/RPi4/RELEASE_GCC5/AARCH64/MdePkg/Library/BaseDebugLibNull/BaseDebugLibNull/OUTPUT/BaseDebugLibNull.lib
/home/alastair/pftf-rpi4/Build/RPi4/RELEASE_GCC5/AARCH64/MdePkg/Library/BaseMemoryLibOptDxe/BaseMemoryLibOptDxe/OUTPUT/BaseMemoryLibOptDxe.lib
/home/alastair/pftf-rpi4/Build/RPi4/RELEASE_GCC5/AARCH64/MdePkg/Library/BaseLib/BaseLib/OUTPUT/BaseLib.lib
/home/alastair/pftf-rpi4/Build/RPi4/RELEASE_GCC5/AARCH64/MdePkg/Library/UefiBootServicesTableLib/UefiBootServicesTableLib/OUTPUT/UefiBootServicesTableLib.lib
/home/alastair/pftf-rpi4/Build/RPi4/RELEASE_GCC5/AARCH64/MdePkg/Library/BasePrintLib/BasePrintLib/OUTPUT/BasePrintLib.lib
/home/alastair/pftf-rpi4/Build/RPi4/RELEASE_GCC5/AARCH64/MdePkg/Library/UefiMemoryAllocationLib/UefiMemoryAllocationLib/OUTPUT/UefiMemoryAllocationLib.lib
/home/alastair/pftf-rpi4/Build/RPi4/RELEASE_GCC5/AARCH64/MdePkg/Library/UefiRuntimeServicesTableLib/UefiRuntimeServicesTableLib/OUTPUT/UefiRuntimeServicesTableLib.lib
/home/alastair/pftf-rpi4/Build/RPi4/RELEASE_GCC5/AARCH64/MdePkg/Library/UefiDevicePathLib/UefiDevicePathLib/OUTPUT/UefiDevicePathLib.lib
/home/alastair/pftf-rpi4/Build/RPi4/RELEASE_GCC5/AARCH64/MdePkg/Library/UefiLib/UefiLib/OUTPUT/UefiLib.lib
/home/alastair/pftf-rpi4/Build/RPi4/RELEASE_GCC5/AARCH64/MdeModulePkg/Library/UefiHiiServicesLib/UefiHiiServicesLib/OUTPUT/UefiHiiServicesLib.lib
/home/alastair/pftf-rpi4/Build/RPi4/RELEASE_GCC5/AARCH64/MdeModulePkg/Library/UefiSortLib/UefiSortLib/OUTPUT/UefiSortLib.lib
/home/alastair/pftf-rpi4/Build/RPi4/RELEASE_GCC5/AARCH64/MdePkg/Library/DxeServicesLib/DxeServicesLib/OUTPUT/DxeServicesLib.lib
/home/alastair/pftf-rpi4/Build/RPi4/RELEASE_GCC5/AARCH64/MdePkg/Library/DxeServicesTableLib/DxeServicesTableLib/OUTPUT/DxeServicesTableLib.lib
/home/alastair/pftf-rpi4/Build/RPi4/RELEASE_GCC5/AARCH64/MdePkg/Library/BasePeCoffGetEntryPointLib/BasePeCoffGetEntryPointLib/OUTPUT/BasePeCoffGetEntryPointLib.lib
/home/alastair/pftf-rpi4/Build/RPi4/RELEASE_GCC5/AARCH64/MdeModulePkg/Library/DxePerformanceLib/DxePerformanceLib/OUTPUT/DxePerformanceLib.lib
/home/alastair/pftf-rpi4/Build/RPi4/RELEASE_GCC5/AARCH64/MdePkg/Library/DxeHobLib/DxeHobLib/OUTPUT/DxeHobLib.lib
/home/alastair/pftf-rpi4/Build/RPi4/RELEASE_GCC5/AARCH64/MdeModulePkg/Library/UefiHiiLib/UefiHiiLib/OUTPUT/UefiHiiLib.lib
/home/alastair/pftf-rpi4/Build/RPi4/RELEASE_GCC5/AARCH64/MdePkg/Library/BaseReportStatusCodeLibNull/BaseReportStatusCodeLibNull/OUTPUT/BaseReportStatusCodeLibNull.lib
/home/alastair/pftf-rpi4/Build/RPi4/RELEASE_GCC5/AARCH64/MdeModulePkg/Library/UefiBootManagerLib/UefiBootManagerLib/OUTPUT/UefiBootManagerLib.lib
/home/alastair/pftf-rpi4/Build/RPi4/RELEASE_GCC5/AARCH64/MdeModulePkg/Library/FileExplorerLib/FileExplorerLib/OUTPUT/FileExplorerLib.lib
/home/alastair/pftf-rpi4/Build/RPi4/RELEASE_GCC5/AARCH64/MdePkg/Library/UefiApplicationEntryPoint/UefiApplicationEntryPoint/OUTPUT/UefiApplicationEntryPoint.lib
/home/alastair/pftf-rpi4/Build/RPi4/RELEASE_GCC5/AARCH64/MdePkg/Library/BaseStackCheckLib/BaseStackCheckLib/OUTPUT/BaseStackCheckLib.lib
/home/alastair/pftf-rpi4/Build/RPi4/RELEASE_GCC5/AARCH64/ArmPkg/Library/CompilerIntrinsicsLib/CompilerIntrinsicsLib/OUTPUT/CompilerIntrinsicsLib.lib
/home/alastair/pftf-rpi4/Build/RPi4/RELEASE_GCC5/AARCH64/MdeModulePkg/Library/BootDiscoveryPolicyUiLib/BootDiscoveryPolicyUiLib/OUTPUT/BootDiscoveryPolicyUiLib.lib
/home/alastair/pftf-rpi4/Build/RPi4/RELEASE_GCC5/AARCH64/MdeModulePkg/Library/DeviceManagerUiLib/DeviceManagerUiLib/OUTPUT/DeviceManagerUiLib.lib
/home/alastair/pftf-rpi4/Build/RPi4/RELEASE_GCC5/AARCH64/MdeModulePkg/Library/BootManagerUiLib/BootManagerUiLib/OUTPUT/BootManagerUiLib.lib
/home/alastair/pftf-rpi4/Build/RPi4/RELEASE_GCC5/AARCH64/Platform/RaspberryPi/Library/PlatformUiAppLib/PlatformUiAppLib/OUTPUT/PlatformUiAppLib.lib
/home/alastair/pftf-rpi4/Build/RPi4/RELEASE_GCC5/AARCH64/MdeModulePkg/Library/BootMaintenanceManagerUiLib/BootMaintenanceManagerUiLib/OUTPUT/BootMaintenanceManagerUiLib.lib