/home/alastair/pftf-rpi4/Build/RPi4/DEBUG_GCC5/AARCH64/Platform/RaspberryPi/Drivers/VarBlockServiceDxe/VarBlockServiceDxe/OUTPUT/VarBlockServiceDxe.lib
/home/alastair/pftf-rpi4/Build/RPi4/DEBUG_GCC5/AARCH64/MdePkg/Library/DxePcdLib/DxePcdLib/OUTPUT/DxePcdLib.lib
/home/alastair/pftf-rpi4/Build/RPi4/DEBUG_GCC5/AARCH64/MdePkg/Library/BaseMemoryLibOptDxe/BaseMemoryLibOptDxe/OUTPUT/BaseMemoryLibOptDxe.lib
/home/alastair/pftf-rpi4/Build/RPi4/DEBUG_GCC5/AARCH64/MdePkg/Library/BaseLib/BaseLib/OUTPUT/BaseLib.lib
/home/alastair/pftf-rpi4/Build/RPi4/DEBUG_GCC5/AARCH64/MdePkg/Library/BaseIoLibIntrinsic/BaseIoLibIntrinsic/OUTPUT/BaseIoLibIntrinsic.lib
/home/alastair/pftf-rpi4/Build/RPi4/DEBUG_GCC5/AARCH64/ArmPlatformPkg/Library/PL011UartLib/PL011UartLib/OUTPUT/PL011UartLib.lib
/home/alastair/pftf-rpi4/Build/RPi4/DEBUG_GCC5/AARCH64/Platform/RaspberryPi/Library/DualSerialPortLib/DebugDualSerialPortLib/OUTPUT/DebugDualSerialPortLib.lib
/home/alastair/pftf-rpi4/Build/RPi4/DEBUG_GCC5/AARCH64/MdePkg/Library/BaseDebugPrintErrorLevelLib/BaseDebugPrintErrorLevelLib/OUTPUT/BaseDebugPrintErrorLevelLib.lib
/home/alastair/pftf-rpi4/Build/RPi4/DEBUG_GCC5/AARCH64/MdePkg/Library/BasePrintLib/BasePrintLib/OUTPUT/BasePrintLib.lib
/home/alastair/pftf-rpi4/Build/RPi4/DEBUG_GCC5/AARCH64/MdePkg/Library/DxeRuntimeDebugLibSerialPort/DxeRuntimeDebugLibSerialPort/OUTPUT/DxeRuntimeDebugLibSerialPort.lib
/home/alastair/pftf-rpi4/Build/RPi4/DEBUG_GCC5/AARCH64/MdePkg/Library/UefiBootServicesTableLib/UefiBootServicesTableLib/OUTPUT/UefiBootServicesTableLib.lib
/home/alastair/pftf-rpi4/Build/RPi4/DEBUG_GCC5/AARCH64/MdePkg/Library/UefiMemoryAllocationLib/UefiMemoryAllocationLib/OUTPUT/UefiMemoryAllocationLib.lib
/home/alastair/pftf-rpi4/Build/RPi4/DEBUG_GCC5/AARCH64/MdePkg/Library/UefiRuntimeServicesTableLib/UefiRuntimeServicesTableLib/OUTPUT/UefiRuntimeServicesTableLib.lib
/home/alastair/pftf-rpi4/Build/RPi4/DEBUG_GCC5/AARCH64/MdePkg/Library/UefiDevicePathLib/UefiDevicePathLib/OUTPUT/UefiDevicePathLib.lib
/home/alastair/pftf-rpi4/Build/RPi4/DEBUG_GCC5/AARCH64/MdePkg/Library/UefiLib/UefiLib/OUTPUT/UefiLib.lib
/home/alastair/pftf-rpi4/Build/RPi4/DEBUG_GCC5/AARCH64/MdePkg/Library/DxeServicesTableLib/DxeServicesTableLib/OUTPUT/DxeServicesTableLib.lib
/home/alastair/pftf-rpi4/Build/RPi4/DEBUG_GCC5/AARCH64/MdePkg/Library/UefiDriverEntryPoint/UefiDriverEntryPoint/OUTPUT/UefiDriverEntryPoint.lib
/home/alastair/pftf-rpi4/Build/RPi4/DEBUG_GCC5/AARCH64/MdePkg/Library/UefiRuntimeLib/UefiRuntimeLib/OUTPUT/UefiRuntimeLib.lib
/home/alastair/pftf-rpi4/Build/RPi4/DEBUG_GCC5/AARCH64/MdePkg/Library/BaseStackCheckLib/BaseStackCheckLib/OUTPUT/BaseStackCheckLib.lib
/home/alastair/pftf-rpi4/Build/RPi4/DEBUG_GCC5/AARCH64/ArmPkg/Library/CompilerIntrinsicsLib/CompilerIntrinsicsLib/OUTPUT/CompilerIntrinsicsLib.lib