/home/alastair/pftf-rpi4/Build/RPi4/RELEASE_GCC5/AARCH64/MdeModulePkg/Bus/Pci/PciHostBridgeDxe/PciHostBridgeDxe/OUTPUT/PciHostBridgeDxe.lib
/home/alastair/pftf-rpi4/Build/RPi4/RELEASE_GCC5/AARCH64/MdePkg/Library/DxePcdLib/DxePcdLib/OUTPUT/DxePcdLib.lib
/home/alastair/pftf-rpi4/Build/RPi4/RELEASE_GCC5/AARCH64/MdePkg/Library/BaseLib/BaseLib/OUTPUT/BaseLib.lib
/home/alastair/pftf-rpi4/Build/RPi4/RELEASE_GCC5/AARCH64/MdePkg/Library/BaseMemoryLibOptDxe/BaseMemoryLibOptDxe/OUTPUT/BaseMemoryLibOptDxe.lib
/home/alastair/pftf-rpi4/Build/RPi4/RELEASE_GCC5/AARCH64/MdePkg/Library/BaseDebugLibNull/BaseDebugLibNull/OUTPUT/BaseDebugLibNull.lib
/home/alastair/pftf-rpi4/Build/RPi4/RELEASE_GCC5/AARCH64/MdePkg/Library/UefiBootServicesTableLib/UefiBootServicesTableLib/OUTPUT/UefiBootServicesTableLib.lib
/home/alastair/pftf-rpi4/Build/RPi4/RELEASE_GCC5/AARCH64/MdePkg/Library/BasePrintLib/BasePrintLib/OUTPUT/BasePrintLib.lib
/home/alastair/pftf-rpi4/Build/RPi4/RELEASE_GCC5/AARCH64/MdePkg/Library/UefiMemoryAllocationLib/UefiMemoryAllocationLib/OUTPUT/UefiMemoryAllocationLib.lib
/home/alastair/pftf-rpi4/Build/RPi4/RELEASE_GCC5/AARCH64/MdePkg/Library/UefiRuntimeServicesTableLib/UefiRuntimeServicesTableLib/OUTPUT/UefiRuntimeServicesTableLib.lib
/home/alastair/pftf-rpi4/Build/RPi4/RELEASE_GCC5/AARCH64/MdePkg/Library/UefiDevicePathLib/UefiDevicePathLib/OUTPUT/UefiDevicePathLib.lib
/home/alastair/pftf-rpi4/Build/RPi4/RELEASE_GCC5/AARCH64/ArmPkg/Library/ArmLib/ArmBaseLib/OUTPUT/ArmBaseLib.lib
/home/alastair/pftf-rpi4/Build/RPi4/RELEASE_GCC5/AARCH64/MdePkg/Library/UefiLib/UefiLib/OUTPUT/UefiLib.lib
/home/alastair/pftf-rpi4/Build/RPi4/RELEASE_GCC5/AARCH64/MdePkg/Library/BaseIoLibIntrinsic/BaseIoLibIntrinsic/OUTPUT/BaseIoLibIntrinsic.lib
/home/alastair/pftf-rpi4/Build/RPi4/RELEASE_GCC5/AARCH64/ArmPkg/Library/ArmGenericTimerPhyCounterLib/ArmGenericTimerPhyCounterLib/OUTPUT/ArmGenericTimerPhyCounterLib.lib
/home/alastair/pftf-rpi4/Build/RPi4/RELEASE_GCC5/AARCH64/MdePkg/Library/UefiDriverEntryPoint/UefiDriverEntryPoint/OUTPUT/UefiDriverEntryPoint.lib
/home/alastair/pftf-rpi4/Build/RPi4/RELEASE_GCC5/AARCH64/MdePkg/Library/DxeServicesTableLib/DxeServicesTableLib/OUTPUT/DxeServicesTableLib.lib
/home/alastair/pftf-rpi4/Build/RPi4/RELEASE_GCC5/AARCH64/Silicon/Broadcom/Bcm27xx/Library/Bcm2711PciSegmentLib/PciSegmentLib/OUTPUT/PciSegmentLib.lib
/home/alastair/pftf-rpi4/Build/RPi4/RELEASE_GCC5/AARCH64/Silicon/Broadcom/Bcm27xx/Library/Bcm2711PciHostBridgeLib/Bcm2711PciHostBridgeLib/OUTPUT/Bcm2711PciHostBridgeLib.lib
/home/alastair/pftf-rpi4/Build/RPi4/RELEASE_GCC5/AARCH64/ArmPkg/Library/ArmArchTimerLib/ArmArchTimerLib/OUTPUT/ArmArchTimerLib.lib
/home/alastair/pftf-rpi4/Build/RPi4/RELEASE_GCC5/AARCH64/MdePkg/Library/BaseStackCheckLib/BaseStackCheckLib/OUTPUT/BaseStackCheckLib.lib
/home/alastair/pftf-rpi4/Build/RPi4/RELEASE_GCC5/AARCH64/ArmPkg/Library/CompilerIntrinsicsLib/CompilerIntrinsicsLib/OUTPUT/CompilerIntrinsicsLib.lib