/home/alastair/pftf-rpi4/Build/RPi4/DEBUG_GCC5/AARCH64/MdeModulePkg/Universal/Variable/RuntimeDxe/VariableRuntimeDxe/OUTPUT/VariableRuntimeDxe.lib
/home/alastair/pftf-rpi4/Build/RPi4/DEBUG_GCC5/AARCH64/MdePkg/Library/DxePcdLib/DxePcdLib/OUTPUT/DxePcdLib.lib
/home/alastair/pftf-rpi4/Build/RPi4/DEBUG_GCC5/AARCH64/MdePkg/Library/BaseDebugLibNull/BaseDebugLibNull/OUTPUT/BaseDebugLibNull.lib
/home/alastair/pftf-rpi4/Build/RPi4/DEBUG_GCC5/AARCH64/MdePkg/Library/BaseMemoryLibOptDxe/BaseMemoryLibOptDxe/OUTPUT/BaseMemoryLibOptDxe.lib
/home/alastair/pftf-rpi4/Build/RPi4/DEBUG_GCC5/AARCH64/MdePkg/Library/BaseLib/BaseLib/OUTPUT/BaseLib.lib
/home/alastair/pftf-rpi4/Build/RPi4/DEBUG_GCC5/AARCH64/MdePkg/Library/UefiBootServicesTableLib/UefiBootServicesTableLib/OUTPUT/UefiBootServicesTableLib.lib
/home/alastair/pftf-rpi4/Build/RPi4/DEBUG_GCC5/AARCH64/ArmPkg/Library/ArmLib/ArmBaseLib/OUTPUT/ArmBaseLib.lib
/home/alastair/pftf-rpi4/Build/RPi4/DEBUG_GCC5/AARCH64/MdePkg/Library/BasePrintLib/BasePrintLib/OUTPUT/BasePrintLib.lib
/home/alastair/pftf-rpi4/Build/RPi4/DEBUG_GCC5/AARCH64/MdePkg/Library/UefiMemoryAllocationLib/UefiMemoryAllocationLib/OUTPUT/UefiMemoryAllocationLib.lib
/home/alastair/pftf-rpi4/Build/RPi4/DEBUG_GCC5/AARCH64/MdePkg/Library/DxeRngLib/DxeRngLib/OUTPUT/DxeRngLib.lib
/home/alastair/pftf-rpi4/Build/RPi4/DEBUG_GCC5/AARCH64/ArmPkg/Library/ArmGenericTimerPhyCounterLib/ArmGenericTimerPhyCounterLib/OUTPUT/ArmGenericTimerPhyCounterLib.lib
/home/alastair/pftf-rpi4/Build/RPi4/DEBUG_GCC5/AARCH64/MdePkg/Library/UefiRuntimeServicesTableLib/UefiRuntimeServicesTableLib/OUTPUT/UefiRuntimeServicesTableLib.lib
/home/alastair/pftf-rpi4/Build/RPi4/DEBUG_GCC5/AARCH64/MdePkg/Library/UefiDevicePathLib/UefiDevicePathLib/OUTPUT/UefiDevicePathLib.lib
/home/alastair/pftf-rpi4/Build/RPi4/DEBUG_GCC5/AARCH64/CryptoPkg/Library/IntrinsicLib/IntrinsicLib/OUTPUT/BaseIntrinsicLib.lib
/home/alastair/pftf-rpi4/Build/RPi4/DEBUG_GCC5/AARCH64/CryptoPkg/Library/OpensslLib/OpensslLib/OUTPUT/OpensslLib.lib
/home/alastair/pftf-rpi4/Build/RPi4/DEBUG_GCC5/AARCH64/MdePkg/Library/BaseSafeIntLib/BaseSafeIntLib/OUTPUT/BaseSafeIntLib.lib
/home/alastair/pftf-rpi4/Build/RPi4/DEBUG_GCC5/AARCH64/ArmPkg/Library/ArmArchTimerLib/ArmArchTimerLib/OUTPUT/ArmArchTimerLib.lib
/home/alastair/pftf-rpi4/Build/RPi4/DEBUG_GCC5/AARCH64/MdePkg/Library/UefiLib/UefiLib/OUTPUT/UefiLib.lib
/home/alastair/pftf-rpi4/Build/RPi4/DEBUG_GCC5/AARCH64/OvmfPkg/Library/PlatformSecureLib/PlatformSecureLib/OUTPUT/PlatformSecureLib.lib
/home/alastair/pftf-rpi4/Build/RPi4/DEBUG_GCC5/AARCH64/CryptoPkg/Library/BaseCryptLib/RuntimeCryptLib/OUTPUT/RuntimeCryptLib.lib
/home/alastair/pftf-rpi4/Build/RPi4/DEBUG_GCC5/AARCH64/MdeModulePkg/Library/VariablePolicyLib/VariablePolicyLibRuntimeDxe/OUTPUT/VariablePolicyLibRuntimeDxe.lib
/home/alastair/pftf-rpi4/Build/RPi4/DEBUG_GCC5/AARCH64/MdeModulePkg/Library/VarCheckLib/VarCheckLib/OUTPUT/VarCheckLib.lib
/home/alastair/pftf-rpi4/Build/RPi4/DEBUG_GCC5/AARCH64/MdePkg/Library/BaseSynchronizationLib/BaseSynchronizationLib/OUTPUT/BaseSynchronizationLib.lib
/home/alastair/pftf-rpi4/Build/RPi4/DEBUG_GCC5/AARCH64/MdePkg/Library/UefiRuntimeLib/UefiRuntimeLib/OUTPUT/UefiRuntimeLib.lib
/home/alastair/pftf-rpi4/Build/RPi4/DEBUG_GCC5/AARCH64/MdePkg/Library/DxeServicesTableLib/DxeServicesTableLib/OUTPUT/DxeServicesTableLib.lib
/home/alastair/pftf-rpi4/Build/RPi4/DEBUG_GCC5/AARCH64/MdePkg/Library/UefiDriverEntryPoint/UefiDriverEntryPoint/OUTPUT/UefiDriverEntryPoint.lib
/home/alastair/pftf-rpi4/Build/RPi4/DEBUG_GCC5/AARCH64/MdePkg/Library/DxeHobLib/DxeHobLib/OUTPUT/DxeHobLib.lib
/home/alastair/pftf-rpi4/Build/RPi4/DEBUG_GCC5/AARCH64/SecurityPkg/Library/DxeTpmMeasurementLib/DxeTpmMeasurementLib/OUTPUT/DxeTpmMeasurementLib.lib
/home/alastair/pftf-rpi4/Build/RPi4/DEBUG_GCC5/AARCH64/SecurityPkg/Library/AuthVariableLib/AuthVariableLib/OUTPUT/AuthVariableLib.lib
/home/alastair/pftf-rpi4/Build/RPi4/DEBUG_GCC5/AARCH64/MdeModulePkg/Library/VariablePolicyHelperLib/VariablePolicyHelperLib/OUTPUT/VariablePolicyHelperLib.lib
/home/alastair/pftf-rpi4/Build/RPi4/DEBUG_GCC5/AARCH64/MdePkg/Library/BaseStackCheckLib/BaseStackCheckLib/OUTPUT/BaseStackCheckLib.lib
/home/alastair/pftf-rpi4/Build/RPi4/DEBUG_GCC5/AARCH64/ArmPkg/Library/CompilerIntrinsicsLib/CompilerIntrinsicsLib/OUTPUT/CompilerIntrinsicsLib.lib
/home/alastair/pftf-rpi4/Build/RPi4/DEBUG_GCC5/AARCH64/MdeModulePkg/Library/VarCheckUefiLib/VarCheckUefiLib/OUTPUT/VarCheckUefiLib.lib