/home/alastair/pftf-rpi4/Build/RPi4/RELEASE_GCC5/AARCH64/ShellPkg/Application/Shell/Shell/OUTPUT/Shell.lib
/home/alastair/pftf-rpi4/Build/RPi4/RELEASE_GCC5/AARCH64/MdePkg/Library/DxePcdLib/DxePcdLib/OUTPUT/DxePcdLib.lib
/home/alastair/pftf-rpi4/Build/RPi4/RELEASE_GCC5/AARCH64/MdePkg/Library/BaseMemoryLibOptDxe/BaseMemoryLibOptDxe/OUTPUT/BaseMemoryLibOptDxe.lib
/home/alastair/pftf-rpi4/Build/RPi4/RELEASE_GCC5/AARCH64/MdePkg/Library/BaseDebugLibNull/BaseDebugLibNull/OUTPUT/BaseDebugLibNull.lib
/home/alastair/pftf-rpi4/Build/RPi4/RELEASE_GCC5/AARCH64/MdePkg/Library/BaseLib/BaseLib/OUTPUT/BaseLib.lib
/home/alastair/pftf-rpi4/Build/RPi4/RELEASE_GCC5/AARCH64/MdePkg/Library/UefiBootServicesTableLib/UefiBootServicesTableLib/OUTPUT/UefiBootServicesTableLib.lib
/home/alastair/pftf-rpi4/Build/RPi4/RELEASE_GCC5/AARCH64/MdePkg/Library/BasePrintLib/BasePrintLib/OUTPUT/BasePrintLib.lib
/home/alastair/pftf-rpi4/Build/RPi4/RELEASE_GCC5/AARCH64/MdePkg/Library/UefiMemoryAllocationLib/UefiMemoryAllocationLib/OUTPUT/UefiMemoryAllocationLib.lib
/home/alastair/pftf-rpi4/Build/RPi4/RELEASE_GCC5/AARCH64/MdePkg/Library/UefiDevicePathLib/UefiDevicePathLib/OUTPUT/UefiDevicePathLib.lib
/home/alastair/pftf-rpi4/Build/RPi4/RELEASE_GCC5/AARCH64/MdePkg/Library/UefiRuntimeServicesTableLib/UefiRuntimeServicesTableLib/OUTPUT/UefiRuntimeServicesTableLib.lib
/home/alastair/pftf-rpi4/Build/RPi4/RELEASE_GCC5/AARCH64/MdeModulePkg/Library/UefiHiiServicesLib/UefiHiiServicesLib/OUTPUT/UefiHiiServicesLib.lib
/home/alastair/pftf-rpi4/Build/RPi4/RELEASE_GCC5/AARCH64/MdePkg/Library/UefiLib/UefiLib/OUTPUT/UefiLib.lib
/home/alastair/pftf-rpi4/Build/RPi4/RELEASE_GCC5/AARCH64/MdeModulePkg/Library/UefiSortLib/UefiSortLib/OUTPUT/UefiSortLib.lib
/home/alastair/pftf-rpi4/Build/RPi4/RELEASE_GCC5/AARCH64/MdeModulePkg/Library/UefiHiiLib/UefiHiiLib/OUTPUT/UefiHiiLib.lib
/home/alastair/pftf-rpi4/Build/RPi4/RELEASE_GCC5/AARCH64/MdePkg/Library/UefiFileHandleLib/UefiFileHandleLib/OUTPUT/UefiFileHandleLib.lib
/home/alastair/pftf-rpi4/Build/RPi4/RELEASE_GCC5/AARCH64/MdePkg/Library/BasePeCoffGetEntryPointLib/BasePeCoffGetEntryPointLib/OUTPUT/BasePeCoffGetEntryPointLib.lib
/home/alastair/pftf-rpi4/Build/RPi4/RELEASE_GCC5/AARCH64/MdePkg/Library/BaseReportStatusCodeLibNull/BaseReportStatusCodeLibNull/OUTPUT/BaseReportStatusCodeLibNull.lib
/home/alastair/pftf-rpi4/Build/RPi4/RELEASE_GCC5/AARCH64/MdePkg/Library/DxeServicesLib/DxeServicesLib/OUTPUT/DxeServicesLib.lib
/home/alastair/pftf-rpi4/Build/RPi4/RELEASE_GCC5/AARCH64/MdePkg/Library/DxeServicesTableLib/DxeServicesTableLib/OUTPUT/DxeServicesTableLib.lib
/home/alastair/pftf-rpi4/Build/RPi4/RELEASE_GCC5/AARCH64/MdeModulePkg/Library/DxePerformanceLib/DxePerformanceLib/OUTPUT/DxePerformanceLib.lib
/home/alastair/pftf-rpi4/Build/RPi4/RELEASE_GCC5/AARCH64/MdePkg/Library/DxeHobLib/DxeHobLib/OUTPUT/DxeHobLib.lib
/home/alastair/pftf-rpi4/Build/RPi4/RELEASE_GCC5/AARCH64/MdePkg/Library/BaseOrderedCollectionRedBlackTreeLib/BaseOrderedCollectionRedBlackTreeLib/OUTPUT/BaseOrderedCollectionRedBlackTreeLib.lib
/home/alastair/pftf-rpi4/Build/RPi4/RELEASE_GCC5/AARCH64/ShellPkg/Library/UefiShellLib/UefiShellLib/OUTPUT/UefiShellLib.lib
/home/alastair/pftf-rpi4/Build/RPi4/RELEASE_GCC5/AARCH64/ShellPkg/Library/UefiHandleParsingLib/UefiHandleParsingLib/OUTPUT/UefiHandleParsingLib.lib
/home/alastair/pftf-rpi4/Build/RPi4/RELEASE_GCC5/AARCH64/MdeModulePkg/Library/UefiBootManagerLib/UefiBootManagerLib/OUTPUT/UefiBootManagerLib.lib
/home/alastair/pftf-rpi4/Build/RPi4/RELEASE_GCC5/AARCH64/ShellPkg/Library/UefiShellCommandLib/UefiShellCommandLib/OUTPUT/UefiShellCommandLib.lib
/home/alastair/pftf-rpi4/Build/RPi4/RELEASE_GCC5/AARCH64/MdePkg/Library/BaseIoLibIntrinsic/BaseIoLibIntrinsic/OUTPUT/BaseIoLibIntrinsic.lib
/home/alastair/pftf-rpi4/Build/RPi4/RELEASE_GCC5/AARCH64/ShellPkg/Library/UefiShellBcfgCommandLib/UefiShellBcfgCommandLib/OUTPUT/UefiShellBcfgCommandLib.lib
/home/alastair/pftf-rpi4/Build/RPi4/RELEASE_GCC5/AARCH64/NetworkPkg/Library/DxeNetLib/DxeNetLib/OUTPUT/DxeNetLib.lib
/home/alastair/pftf-rpi4/Build/RPi4/RELEASE_GCC5/AARCH64/MdePkg/Library/UefiApplicationEntryPoint/UefiApplicationEntryPoint/OUTPUT/UefiApplicationEntryPoint.lib
/home/alastair/pftf-rpi4/Build/RPi4/RELEASE_GCC5/AARCH64/MdePkg/Library/BaseStackCheckLib/BaseStackCheckLib/OUTPUT/BaseStackCheckLib.lib
/home/alastair/pftf-rpi4/Build/RPi4/RELEASE_GCC5/AARCH64/ArmPkg/Library/CompilerIntrinsicsLib/CompilerIntrinsicsLib/OUTPUT/CompilerIntrinsicsLib.lib
/home/alastair/pftf-rpi4/Build/RPi4/RELEASE_GCC5/AARCH64/ShellPkg/Library/UefiShellLevel2CommandsLib/UefiShellLevel2CommandsLib/OUTPUT/UefiShellLevel2CommandsLib.lib
/home/alastair/pftf-rpi4/Build/RPi4/RELEASE_GCC5/AARCH64/ShellPkg/Library/UefiShellLevel1CommandsLib/UefiShellLevel1CommandsLib/OUTPUT/UefiShellLevel1CommandsLib.lib
/home/alastair/pftf-rpi4/Build/RPi4/RELEASE_GCC5/AARCH64/ShellPkg/Library/UefiShellLevel3CommandsLib/UefiShellLevel3CommandsLib/OUTPUT/UefiShellLevel3CommandsLib.lib
/home/alastair/pftf-rpi4/Build/RPi4/RELEASE_GCC5/AARCH64/ShellPkg/Library/UefiShellDriver1CommandsLib/UefiShellDriver1CommandsLib/OUTPUT/UefiShellDriver1CommandsLib.lib
/home/alastair/pftf-rpi4/Build/RPi4/RELEASE_GCC5/AARCH64/ShellPkg/Library/UefiShellDebug1CommandsLib/UefiShellDebug1CommandsLib/OUTPUT/UefiShellDebug1CommandsLib.lib
/home/alastair/pftf-rpi4/Build/RPi4/RELEASE_GCC5/AARCH64/ShellPkg/Library/UefiShellInstall1CommandsLib/UefiShellInstall1CommandsLib/OUTPUT/UefiShellInstall1CommandsLib.lib
/home/alastair/pftf-rpi4/Build/RPi4/RELEASE_GCC5/AARCH64/ShellPkg/Library/UefiShellNetwork1CommandsLib/UefiShellNetwork1CommandsLib/OUTPUT/UefiShellNetwork1CommandsLib.lib
/home/alastair/pftf-rpi4/Build/RPi4/RELEASE_GCC5/AARCH64/ShellPkg/Library/UefiShellAcpiViewCommandLib/UefiShellAcpiViewCommandLib/OUTPUT/UefiShellAcpiViewCommandLib.lib