//
//  VFR compiler version  2.01 (UEFI 2.4) Developer Build based on Revision: Unknown
//
extern unsigned char ConsolePrefDxeStrings[];
extern EFI_GUID gEfiHiiPlatformSetupFormsetGuid;
extern EFI_GUID gEfiHiiDriverHealthFormsetGuid;
extern EFI_GUID gEfiHiiUserCredentialFormsetGuid;
extern EFI_GUID gEfiHiiRestStyleFormsetGuid;
extern EFI_GUID { 0x2d2358b4, 0xe96c, 0x484d, { 0xb2, 0xdd, 0x7c, 0x2e, 0xdf, 0xc7, 0xd5, 0x6f } };
typedef struct {
  UINT8 Console;
  UINT8 Reserved[3];
} CONSOLE_PREF_VARSTORE_DATA;
formset
>00000000: 0E A7 B4 58 23 2D 6C E9 4D 48 B2 DD 7C 2E DF C7 D5 6F 02 00 03 00 01 71 99 03 93 45 85 04 4B B4 5E 32 EB 83 26 04 0E 
>00000027: 5C 06 00 00 00 00 
>0000002D: 5C 06 00 00 01 00 
  guid = { 0x2d2358b4, 0xe96c, 0x484d, { 0xb2, 0xdd, 0x7c, 0x2e, 0xdf, 0xc7, 0xd5, 0x6f } },
  title = STRING_TOKEN(0x0002),
  help = STRING_TOKEN(0x0003),
  classguid = { 0x93039971, 0x8545, 0x4b04, { 0xb4, 0x5e, 0x32, 0xeb, 0x83, 0x26, 0x4, 0xe } },
  efivarstore CONSOLE_PREF_VARSTORE_DATA,
>00000033: 26 26 01 00 B4 58 23 2D 6C E9 4D 48 B2 DD 7C 2E DF C7 D5 6F 03 00 00 00 04 00 43 6F 6E 73 6F 6C 65 50 72 65 66 00 
    attribute = 0x00000002 | 0x00000001,
    name = ConsolePref,
    guid = { 0x2d2358b4, 0xe96c, 0x484d, { 0xb2, 0xdd, 0x7c, 0x2e, 0xdf, 0xc7, 0xd5, 0x6f } };
  form formid = 0x1000,
>00000059: 01 86 00 10 04 00 
    title = STRING_TOKEN(0x0004);
    oneof varid = ConsolePref.Console,
>0000005F: 05 91 06 00 07 00 01 00 01 00 00 00 04 10 00 01 00 
        prompt = STRING_TOKEN(0x0006),
        help = STRING_TOKEN(0x0007),
        flags = NUMERIC_SIZE_1 | INTERACTIVE,
        option text = STRING_TOKEN(0x0008), value = 0x0, flags = DEFAULT;
>00000070: 09 07 08 00 10 00 00 
        option text = STRING_TOKEN(0x0009), value = 0x1, flags = 0;
>00000077: 09 07 09 00 00 00 01 
    endoneof;
>0000007E: 29 02 
    subtitle text = STRING_TOKEN(0x0005);
>00000080: 02 87 05 00 00 00 00 
>00000087: 29 02 
  endform;
>00000089: 29 02 
endformset;
>0000008B: 29 02 

//
// All Opcode Record List 
//
>00000000: 0E A7 B4 58 23 2D 6C E9 4D 48 B2 DD 7C 2E DF C7 D5 6F 02 00 03 00 01 71 99 03 93 45 85 04 4B B4 5E 32 EB 83 26 04 0E 
>00000027: 5C 06 00 00 00 00 
>0000002D: 5C 06 00 00 01 00 
>00000033: 26 26 01 00 B4 58 23 2D 6C E9 4D 48 B2 DD 7C 2E DF C7 D5 6F 03 00 00 00 04 00 43 6F 6E 73 6F 6C 65 50 72 65 66 00 
>00000059: 01 86 00 10 04 00 
>0000005F: 05 91 06 00 07 00 01 00 01 00 00 00 04 10 00 01 00 
>00000070: 09 07 08 00 10 00 00 
>00000077: 09 07 09 00 00 00 01 
>0000007E: 29 02 
>00000080: 02 87 05 00 00 00 00 
>00000087: 29 02 
>00000089: 29 02 
>0000008B: 29 02 

Total Size of all record is 0x0000008D


***************************************************************
		mPackAlign = 8
		struct CONSOLE_PREF_VARSTORE_DATA : mAlign [1] mTotalSize [0x4]

		struct CONSOLE_PREF_VARSTORE_DATA {
			+00000000[00000000] Console <UINT8>
			+00000001[00000001] Reserved[3] <UINT8>
		};
---------------------------------------------------------------
		struct EFI_HII_REF : mAlign [16] mTotalSize [0x16]

		struct EFI_HII_REF {
			+00000000[00000000] QuestionId <UINT16>
			+00000002[00000002] FormId <UINT16>
			+00000004[00000004] FormSetGuid <(null)>
			+00000020[00000014] DevicePath <EFI_STRING_ID>
		};
---------------------------------------------------------------
		struct EFI_HII_TIME : mAlign [1] mTotalSize [0x3]

		struct EFI_HII_TIME {
			+00000000[00000000] Hours <UINT8>
			+00000001[00000001] Minutes <UINT8>
			+00000002[00000002] Seconds <UINT8>
		};
---------------------------------------------------------------
		struct EFI_STRING_ID : mAlign [2] mTotalSize [0x2]

		struct EFI_STRING_ID {
		};
---------------------------------------------------------------
		struct EFI_HII_DATE : mAlign [2] mTotalSize [0x4]

		struct EFI_HII_DATE {
			+00000000[00000000] Year <UINT16>
			+00000002[00000002] Month <UINT8>
			+00000003[00000003] Day <UINT8>
		};
---------------------------------------------------------------
		struct BOOLEAN : mAlign [1] mTotalSize [0x1]

		struct BOOLEAN {
		};
---------------------------------------------------------------
		struct UINT8 : mAlign [1] mTotalSize [0x1]

		struct UINT8 {
		};
---------------------------------------------------------------
		struct UINT16 : mAlign [2] mTotalSize [0x2]

		struct UINT16 {
		};
---------------------------------------------------------------
		struct UINT32 : mAlign [4] mTotalSize [0x4]

		struct UINT32 {
		};
---------------------------------------------------------------
		struct UINT64 : mAlign [8] mTotalSize [0x8]

		struct UINT64 {
		};
---------------------------------------------------------------
***************************************************************
