-I/home/alastair/pftf-rpi4/edk2-platforms/Platform/RaspberryPi/AcpiTables
-I/home/alastair/pftf-rpi4/Build/RPi4/DEBUG_GCC5/AARCH64/Platform/RaspberryPi/AcpiTables/AcpiTables/DEBUG
-I/home/alastair/pftf-rpi4/edk2/ArmPkg
-I/home/alastair/pftf-rpi4/edk2/ArmPkg/Include
-I/home/alastair/pftf-rpi4/edk2/ArmPlatformPkg
-I/home/alastair/pftf-rpi4/edk2/ArmPlatformPkg/Include
-I/home/alastair/pftf-rpi4/edk2/EmbeddedPkg
-I/home/alastair/pftf-rpi4/edk2/EmbeddedPkg/Include
-I/home/alastair/pftf-rpi4/edk2/MdeModulePkg
-I/home/alastair/pftf-rpi4/edk2/MdeModulePkg/Include
-I/home/alastair/pftf-rpi4/edk2/MdePkg
-I/home/alastair/pftf-rpi4/edk2/MdePkg/Include
-I/home/alastair/pftf-rpi4/edk2/MdePkg/Test/UnitTest/Include
-I/home/alastair/pftf-rpi4/edk2/MdePkg/Include/AArch64
-I/home/alastair/pftf-rpi4/edk2-platforms/Platform/RaspberryPi
-I/home/alastair/pftf-rpi4/edk2-platforms/Platform/RaspberryPi/Include
-I/home/alastair/pftf-rpi4/edk2-platforms/Silicon/Broadcom/Bcm27xx
-I/home/alastair/pftf-rpi4/edk2-platforms/Silicon/Broadcom/Bcm27xx/Include
-I/home/alastair/pftf-rpi4/edk2-platforms/Silicon/Broadcom/Bcm283x
-I/home/alastair/pftf-rpi4/edk2-platforms/Silicon/Broadcom/Bcm283x/Include
-I/home/alastair/pftf-rpi4/edk2-platforms/Silicon/Broadcom/Drivers/Net
-I/home/alastair/pftf-rpi4/edk2-platforms/Silicon/Broadcom/Drivers/Net/Include